<?xml version="1.0" encoding="UTF-8"?>
<testsuites>
<testsuite timestamp="2026-08-09T02:30:25" hostname="LAPTOP-CAC0UHVC" package="sarr_8x8" id="0" name="cover" tests="6" errors="0" failures="0" time="6" skipped="6">
<properties>
<property name="os" value="Linux"/>
<property name="expect" value="PASS"/>
<property name="status" value="PASS"/>
</properties>
<testcase classname="cover" name="build execution" time="0">
</testcase>
<testcase classname="cover" name="Property COVER in sarr_formal at sarr_formal.sv:355.13-361.14" time="0" type="COVER" location="sarr_formal.sv:355.13-361.14" id="C_SARR_ALIGN_001_002_003_LAST_PE">
<skipped />
</testcase>
<testcase classname="cover" name="Property COVER in sarr_formal at sarr_formal.sv:337.13-339.14" time="0" type="COVER" location="sarr_formal.sv:337.13-339.14" id="C_SARR_CLR_006">
<skipped />
</testcase>
<testcase classname="cover" name="Property COVER in sarr_formal at sarr_formal.sv:363.13-367.14" time="0" type="COVER" location="sarr_formal.sv:363.13-367.14" id="C_SARR_MAC_001_NONZERO_RESULT">
<skipped />
</testcase>
<testcase classname="cover" name="Property COVER in sarr_formal at sarr_formal.sv:333.13-335.14" time="0" type="COVER" location="sarr_formal.sv:333.13-335.14" id="C_SARR_RST_006">
<skipped />
</testcase>
<testcase classname="cover" name="Property COVER in sarr_formal at sarr_formal.sv:348.13-353.14" time="0" type="COVER" location="sarr_formal.sv:348.13-353.14" id="C_SARR_TIME_003_IN_FLIGHT">
<skipped />
</testcase>
<testcase classname="cover" name="Property COVER in sarr_formal at sarr_formal.sv:341.13-346.14" time="0" type="COVER" location="sarr_formal.sv:341.13-346.14" id="C_SARR_VAL_001_WAVEFRONT">
<skipped />
</testcase>
<system-out>SBY  2:30:18 [formal/sarr/sarr_8x8_cover] Removing directory '/mnt/d/DoAn/DoAn_NPU8x8/npu_NXN_uvm/formal/sarr/sarr_8x8_cover'.
SBY  2:30:18 [formal/sarr/sarr_8x8_cover] Copy '/mnt/d/DoAn/DoAn_NPU8x8/npu_NXN_uvm/rtl/pe.sv' to '/mnt/d/DoAn/DoAn_NPU8x8/npu_NXN_uvm/formal/sarr/sarr_8x8_cover/src/pe.sv'.
SBY  2:30:18 [formal/sarr/sarr_8x8_cover] Copy '/mnt/d/DoAn/DoAn_NPU8x8/npu_NXN_uvm/rtl/systolic_arr_NxN.sv' to '/mnt/d/DoAn/DoAn_NPU8x8/npu_NXN_uvm/formal/sarr/sarr_8x8_cover/src/systolic_arr_NxN.sv'.
SBY  2:30:18 [formal/sarr/sarr_8x8_cover] Copy '/mnt/d/DoAn/DoAn_NPU8x8/npu_NXN_uvm/formal/sarr/sarr_formal.sv' to '/mnt/d/DoAn/DoAn_NPU8x8/npu_NXN_uvm/formal/sarr/sarr_8x8_cover/src/sarr_formal.sv'.
SBY  2:30:18 [formal/sarr/sarr_8x8_cover] engine_0: smtbmc --nopresat --unroll z3 -- --noincr
SBY  2:30:18 [formal/sarr/sarr_8x8_cover] base: starting process &quot;cd formal/sarr/sarr_8x8_cover/src; yosys -ql ../model/design.log ../model/design.ys&quot;
SBY  2:30:18 [formal/sarr/sarr_8x8_cover] base: Warning: Replacing memory \c with list of registers. See sarr_formal.sv:72
SBY  2:30:18 [formal/sarr/sarr_8x8_cover] base: Warning: Replacing memory \formal_pe_valid with list of registers. See sarr_formal.sv:71
SBY  2:30:18 [formal/sarr/sarr_8x8_cover] base: Warning: Replacing memory \formal_b_delay with list of registers. See sarr_formal.sv:70
SBY  2:30:18 [formal/sarr/sarr_8x8_cover] base: Warning: Replacing memory \formal_a_delay with list of registers. See sarr_formal.sv:69
SBY  2:30:18 [formal/sarr/sarr_8x8_cover] base: Warning: Replacing memory \formal_b_wire with list of registers. See sarr_formal.sv:68
SBY  2:30:18 [formal/sarr/sarr_8x8_cover] base: Warning: Replacing memory \formal_a_wire with list of registers. See sarr_formal.sv:67
SBY  2:30:18 [formal/sarr/sarr_8x8_cover] base: Warning: Replacing memory \pe_valid with list of registers. See systolic_arr_NxN.sv:139
SBY  2:30:18 [formal/sarr/sarr_8x8_cover] base: Warning: Replacing memory \b_wire with list of registers. See systolic_arr_NxN.sv:99
SBY  2:30:18 [formal/sarr/sarr_8x8_cover] base: Warning: Replacing memory \b_delay with list of registers. See systolic_arr_NxN.sv:86
SBY  2:30:18 [formal/sarr/sarr_8x8_cover] base: Warning: Replacing memory \a_wire with list of registers. See systolic_arr_NxN.sv:70
SBY  2:30:18 [formal/sarr/sarr_8x8_cover] base: Warning: Replacing memory \a_delay with list of registers. See systolic_arr_NxN.sv:57
SBY  2:30:18 [formal/sarr/sarr_8x8_cover] base: Warning: Replacing memory \b_in with list of registers. See systolic_arr_NxN.sv:40
SBY  2:30:18 [formal/sarr/sarr_8x8_cover] base: Warning: Replacing memory \a_in with list of registers. See systolic_arr_NxN.sv:39
SBY  2:30:18 [formal/sarr/sarr_8x8_cover] base: Warning: Replacing memory \c with list of registers. See systolic_arr_NxN.sv:0
SBY  2:30:19 [formal/sarr/sarr_8x8_cover] base: Warning: Wire sarr_formal.\clk is used but has no driver.
SBY  2:30:19 [formal/sarr/sarr_8x8_cover] base: Warning: Wire sarr_formal.\rst_n is used but has no driver.
SBY  2:30:19 [formal/sarr/sarr_8x8_cover] base: Warning: Wire sarr_formal.\valid_in is used but has no driver.
SBY  2:30:19 [formal/sarr/sarr_8x8_cover] base: Warning: Wire sarr_formal.\clear is used but has no driver.
SBY  2:30:20 [formal/sarr/sarr_8x8_cover] base: finished (returncode=0)
SBY  2:30:20 [formal/sarr/sarr_8x8_cover] prep: starting process &quot;cd formal/sarr/sarr_8x8_cover/model; yosys -ql design_prep.log design_prep.ys&quot;
SBY  2:30:20 [formal/sarr/sarr_8x8_cover] prep: Warning: Wire sarr_formal.\clk is used but has no driver.
SBY  2:30:20 [formal/sarr/sarr_8x8_cover] prep: Warning: Wire sarr_formal.\rst_n is used but has no driver.
SBY  2:30:20 [formal/sarr/sarr_8x8_cover] prep: Warning: Wire sarr_formal.\valid_in is used but has no driver.
SBY  2:30:20 [formal/sarr/sarr_8x8_cover] prep: Warning: Wire sarr_formal.\clear is used but has no driver.
SBY  2:30:20 [formal/sarr/sarr_8x8_cover] prep: finished (returncode=0)
SBY  2:30:20 [formal/sarr/sarr_8x8_cover] smt2: starting process &quot;cd formal/sarr/sarr_8x8_cover/model; yosys -ql design_smt2.log design_smt2.ys&quot;
SBY  2:30:21 [formal/sarr/sarr_8x8_cover] smt2: finished (returncode=0)
SBY  2:30:21 [formal/sarr/sarr_8x8_cover] engine_0: starting process &quot;cd formal/sarr/sarr_8x8_cover; yosys-smtbmc -s z3 --noincr --unroll -c --noprogress -t 20  --append 0 --dump-vcd engine_0/trace%.vcd --dump-yw engine_0/trace%.yw --dump-vlogtb engine_0/trace%_tb.v --dump-smtc engine_0/trace%.smtc model/design_smt2.smt2&quot;
SBY  2:30:21 [formal/sarr/sarr_8x8_cover] engine_0: ##   0:00:00  Solver: z3
SBY  2:30:21 [formal/sarr/sarr_8x8_cover] engine_0: ##   0:00:00  Checking cover reachability in step 0..
SBY  2:30:21 [formal/sarr/sarr_8x8_cover] engine_0: ##   0:00:00  Checking cover reachability in step 1..
SBY  2:30:21 [formal/sarr/sarr_8x8_cover] engine_0: ##   0:00:00  Checking cover reachability in step 2..
SBY  2:30:22 [formal/sarr/sarr_8x8_cover] engine_0: ##   0:00:01  Reached cover statement at C_SARR_TIME_003_IN_FLIGHT in step 2.
SBY  2:30:22 [formal/sarr/sarr_8x8_cover] engine_0: ##   0:00:01  Reached cover statement at C_SARR_MAC_001_NONZERO_RESULT in step 2.
SBY  2:30:22 [formal/sarr/sarr_8x8_cover] engine_0: ##   0:00:01  Reached cover statement at C_SARR_ALIGN_001_002_003_LAST_PE in step 2.
SBY  2:30:22 [formal/sarr/sarr_8x8_cover] engine_0: ##   0:00:01  Writing trace to VCD file: engine_0/trace0.vcd
SBY  2:30:22 [formal/sarr/sarr_8x8_cover] engine_0: ##   0:00:01  Writing trace to Verilog testbench: engine_0/trace0_tb.v
SBY  2:30:22 [formal/sarr/sarr_8x8_cover] engine_0: ##   0:00:01  Writing trace to constraints file: engine_0/trace0.smtc
SBY  2:30:22 [formal/sarr/sarr_8x8_cover] engine_0: ##   0:00:01  Writing trace to Yosys witness file: engine_0/trace0.yw
SBY  2:30:22 [formal/sarr/sarr_8x8_cover] engine_0: ##   0:00:01  Checking cover reachability in step 2..
SBY  2:30:23 [formal/sarr/sarr_8x8_cover] engine_0: ##   0:00:01  Reached cover statement at C_SARR_RST_006 in step 2.
SBY  2:30:23 [formal/sarr/sarr_8x8_cover] engine_0: ##   0:00:01  Writing trace to VCD file: engine_0/trace1.vcd
SBY  2:30:23 [formal/sarr/sarr_8x8_cover] engine_0: ##   0:00:02  Writing trace to Verilog testbench: engine_0/trace1_tb.v
SBY  2:30:23 [formal/sarr/sarr_8x8_cover] engine_0: ##   0:00:02  Writing trace to constraints file: engine_0/trace1.smtc
SBY  2:30:23 [formal/sarr/sarr_8x8_cover] engine_0: ##   0:00:02  Writing trace to Yosys witness file: engine_0/trace1.yw
SBY  2:30:23 [formal/sarr/sarr_8x8_cover] engine_0: ##   0:00:02  Checking cover reachability in step 2..
SBY  2:30:23 [formal/sarr/sarr_8x8_cover] engine_0: ##   0:00:02  Reached cover statement at C_SARR_CLR_006 in step 2.
SBY  2:30:23 [formal/sarr/sarr_8x8_cover] engine_0: ##   0:00:02  Writing trace to VCD file: engine_0/trace2.vcd
SBY  2:30:24 [formal/sarr/sarr_8x8_cover] engine_0: ##   0:00:02  Writing trace to Verilog testbench: engine_0/trace2_tb.v
SBY  2:30:24 [formal/sarr/sarr_8x8_cover] engine_0: ##   0:00:02  Writing trace to constraints file: engine_0/trace2.smtc
SBY  2:30:24 [formal/sarr/sarr_8x8_cover] engine_0: ##   0:00:02  Writing trace to Yosys witness file: engine_0/trace2.yw
SBY  2:30:24 [formal/sarr/sarr_8x8_cover] engine_0: ##   0:00:03  Checking cover reachability in step 2..
SBY  2:30:24 [formal/sarr/sarr_8x8_cover] engine_0: ##   0:00:03  Reached cover statement at C_SARR_VAL_001_WAVEFRONT in step 2.
SBY  2:30:24 [formal/sarr/sarr_8x8_cover] engine_0: ##   0:00:03  Writing trace to VCD file: engine_0/trace3.vcd
SBY  2:30:24 [formal/sarr/sarr_8x8_cover] engine_0: ##   0:00:03  Writing trace to Verilog testbench: engine_0/trace3_tb.v
SBY  2:30:24 [formal/sarr/sarr_8x8_cover] engine_0: ##   0:00:03  Writing trace to constraints file: engine_0/trace3.smtc
SBY  2:30:24 [formal/sarr/sarr_8x8_cover] engine_0: ##   0:00:03  Writing trace to Yosys witness file: engine_0/trace3.yw
SBY  2:30:25 [formal/sarr/sarr_8x8_cover] engine_0: ##   0:00:03  Status: passed
SBY  2:30:25 [formal/sarr/sarr_8x8_cover] engine_0: finished (returncode=0)
SBY  2:30:25 [formal/sarr/sarr_8x8_cover] engine_0: Status returned by engine: pass
SBY  2:30:25 [formal/sarr/sarr_8x8_cover] summary: Elapsed clock time [H:MM:SS (secs)]: 0:00:06 (6)
SBY  2:30:25 [formal/sarr/sarr_8x8_cover] summary: Elapsed process time [H:MM:SS (secs)]: 0:00:06 (6)
SBY  2:30:25 [formal/sarr/sarr_8x8_cover] summary: engine_0 (smtbmc --nopresat --unroll z3 -- --noincr) returned pass
SBY  2:30:25 [formal/sarr/sarr_8x8_cover] summary: trace: formal/sarr/sarr_8x8_cover/engine_0/trace0.vcd
SBY  2:30:25 [formal/sarr/sarr_8x8_cover] summary: trace: formal/sarr/sarr_8x8_cover/engine_0/trace1.vcd
SBY  2:30:25 [formal/sarr/sarr_8x8_cover] summary: trace: formal/sarr/sarr_8x8_cover/engine_0/trace2.vcd
SBY  2:30:25 [formal/sarr/sarr_8x8_cover] summary: trace: formal/sarr/sarr_8x8_cover/engine_0/trace3.vcd
SBY  2:30:25 [formal/sarr/sarr_8x8_cover] DONE (PASS, rc=0)
</system-out>
<system-err>
</system-err>
</testsuite>
</testsuites>
