<?xml version="1.0" encoding="UTF-8"?>
<testsuites>
<testsuite timestamp="2026-07-15T06:54:35" hostname="LAPTOP-CAC0UHVC" package="controller_cover" id="0" name="default" tests="8" errors="0" failures="0" time="0" skipped="8">
<properties>
<property name="os" value="Linux"/>
<property name="expect" value="PASS"/>
<property name="status" value="PASS"/>
</properties>
<testcase classname="default" name="build execution" time="0">
</testcase>
<testcase classname="default" name="Property COVER in controller_formal at controller_formal.sv:235.9-236.47" time="0" type="COVER" location="controller_formal.sv:235.9-236.47" id="C_CTRL_CLEAR">
<skipped />
</testcase>
<testcase classname="default" name="Property COVER in controller_formal at controller_formal.sv:238.9-239.49" time="0" type="COVER" location="controller_formal.sv:238.9-239.49" id="C_CTRL_COMPUTE">
<skipped />
</testcase>
<testcase classname="default" name="Property COVER in controller_formal at controller_formal.sv:244.9-245.46" time="0" type="COVER" location="controller_formal.sv:244.9-245.46" id="C_CTRL_DONE">
<skipped />
</testcase>
<testcase classname="default" name="Property COVER in controller_formal at controller_formal.sv:241.9-242.52" time="0" type="COVER" location="controller_formal.sv:241.9-242.52" id="C_CTRL_DRAIN">
<skipped />
</testcase>
<testcase classname="default" name="Property COVER in controller_formal at controller_formal.sv:247.9-253.14" time="0" type="COVER" location="controller_formal.sv:247.9-253.14" id="C_CTRL_START_ACCEPT">
<skipped />
</testcase>
<testcase classname="default" name="Property COVER in controller_formal at controller_formal.sv:255.9-259.14" time="0" type="COVER" location="controller_formal.sv:255.9-259.14" id="C_CTRL_START_BUSY_COMPUTE">
<skipped />
</testcase>
<testcase classname="default" name="Property COVER in controller_formal at controller_formal.sv:267.9-271.14" time="0" type="COVER" location="controller_formal.sv:267.9-271.14" id="C_CTRL_START_BUSY_DONE">
<skipped />
</testcase>
<testcase classname="default" name="Property COVER in controller_formal at controller_formal.sv:261.9-265.14" time="0" type="COVER" location="controller_formal.sv:261.9-265.14" id="C_CTRL_START_BUSY_DRAIN">
<skipped />
</testcase>
<system-out>SBY  6:54:35 [formal/controller/controller_cover] Removing directory '/mnt/d/DoAn/DoAn_NPU8x8/npu_NXN_uvm/formal/controller/controller_cover'.
SBY  6:54:35 [formal/controller/controller_cover] Copy '/mnt/d/DoAn/DoAn_NPU8x8/npu_NXN_uvm/rtl/sa_controller_NxN.sv' to '/mnt/d/DoAn/DoAn_NPU8x8/npu_NXN_uvm/formal/controller/controller_cover/src/sa_controller_NxN.sv'.
SBY  6:54:35 [formal/controller/controller_cover] Copy '/mnt/d/DoAn/DoAn_NPU8x8/npu_NXN_uvm/formal/controller/controller_formal.sv' to '/mnt/d/DoAn/DoAn_NPU8x8/npu_NXN_uvm/formal/controller/controller_cover/src/controller_formal.sv'.
SBY  6:54:35 [formal/controller/controller_cover] engine_0: smtbmc z3
SBY  6:54:35 [formal/controller/controller_cover] base: starting process &quot;cd formal/controller/controller_cover/src; yosys -ql ../model/design.log ../model/design.ys&quot;
SBY  6:54:35 [formal/controller/controller_cover] base: Warning: Wire controller_formal.\rst_n is used but has no driver.
SBY  6:54:35 [formal/controller/controller_cover] base: Warning: Wire controller_formal.\clk is used but has no driver.
SBY  6:54:35 [formal/controller/controller_cover] base: Warning: Wire controller_formal.\start is used but has no driver.
SBY  6:54:35 [formal/controller/controller_cover] base: finished (returncode=0)
SBY  6:54:35 [formal/controller/controller_cover] prep: starting process &quot;cd formal/controller/controller_cover/model; yosys -ql design_prep.log design_prep.ys&quot;
SBY  6:54:35 [formal/controller/controller_cover] prep: Warning: Wire controller_formal.\rst_n is used but has no driver.
SBY  6:54:35 [formal/controller/controller_cover] prep: Warning: Wire controller_formal.\clk is used but has no driver.
SBY  6:54:35 [formal/controller/controller_cover] prep: Warning: Wire controller_formal.\start is used but has no driver.
SBY  6:54:35 [formal/controller/controller_cover] prep: finished (returncode=0)
SBY  6:54:35 [formal/controller/controller_cover] smt2: starting process &quot;cd formal/controller/controller_cover/model; yosys -ql design_smt2.log design_smt2.ys&quot;
SBY  6:54:35 [formal/controller/controller_cover] smt2: finished (returncode=0)
SBY  6:54:35 [formal/controller/controller_cover] engine_0: starting process &quot;cd formal/controller/controller_cover; yosys-smtbmc -s z3 --presat -c --noprogress -t 45  --append 0 --dump-vcd engine_0/trace%.vcd --dump-yw engine_0/trace%.yw --dump-vlogtb engine_0/trace%_tb.v --dump-smtc engine_0/trace%.smtc model/design_smt2.smt2&quot;
SBY  6:54:35 [formal/controller/controller_cover] engine_0: ##   0:00:00  Solver: z3
SBY  6:54:35 [formal/controller/controller_cover] engine_0: ##   0:00:00  Checking cover reachability in step 0..
SBY  6:54:35 [formal/controller/controller_cover] engine_0: ##   0:00:00  Checking cover reachability in step 1..
SBY  6:54:35 [formal/controller/controller_cover] engine_0: ##   0:00:00  Reached cover statement at C_CTRL_DONE in step 1.
SBY  6:54:35 [formal/controller/controller_cover] engine_0: ##   0:00:00  Writing trace to VCD file: engine_0/trace0.vcd
SBY  6:54:35 [formal/controller/controller_cover] engine_0: ##   0:00:00  Writing trace to Verilog testbench: engine_0/trace0_tb.v
SBY  6:54:35 [formal/controller/controller_cover] engine_0: ##   0:00:00  Writing trace to constraints file: engine_0/trace0.smtc
SBY  6:54:35 [formal/controller/controller_cover] engine_0: ##   0:00:00  Writing trace to Yosys witness file: engine_0/trace0.yw
SBY  6:54:35 [formal/controller/controller_cover] engine_0: ##   0:00:00  Checking cover reachability in step 1..
SBY  6:54:35 [formal/controller/controller_cover] engine_0: ##   0:00:00  Reached cover statement at C_CTRL_START_BUSY_DONE in step 1.
SBY  6:54:35 [formal/controller/controller_cover] engine_0: ##   0:00:00  Writing trace to VCD file: engine_0/trace1.vcd
SBY  6:54:35 [formal/controller/controller_cover] engine_0: ##   0:00:00  Writing trace to Verilog testbench: engine_0/trace1_tb.v
SBY  6:54:35 [formal/controller/controller_cover] engine_0: ##   0:00:00  Writing trace to constraints file: engine_0/trace1.smtc
SBY  6:54:35 [formal/controller/controller_cover] engine_0: ##   0:00:00  Writing trace to Yosys witness file: engine_0/trace1.yw
SBY  6:54:35 [formal/controller/controller_cover] engine_0: ##   0:00:00  Checking cover reachability in step 1..
SBY  6:54:35 [formal/controller/controller_cover] engine_0: ##   0:00:00  Reached cover statement at C_CTRL_START_BUSY_COMPUTE in step 1.
SBY  6:54:35 [formal/controller/controller_cover] engine_0: ##   0:00:00  Reached cover statement at C_CTRL_COMPUTE in step 1.
SBY  6:54:35 [formal/controller/controller_cover] engine_0: ##   0:00:00  Writing trace to VCD file: engine_0/trace2.vcd
SBY  6:54:35 [formal/controller/controller_cover] engine_0: ##   0:00:00  Writing trace to Verilog testbench: engine_0/trace2_tb.v
SBY  6:54:35 [formal/controller/controller_cover] engine_0: ##   0:00:00  Writing trace to constraints file: engine_0/trace2.smtc
SBY  6:54:35 [formal/controller/controller_cover] engine_0: ##   0:00:00  Writing trace to Yosys witness file: engine_0/trace2.yw
SBY  6:54:35 [formal/controller/controller_cover] engine_0: ##   0:00:00  Checking cover reachability in step 1..
SBY  6:54:35 [formal/controller/controller_cover] engine_0: ##   0:00:00  Reached cover statement at C_CTRL_CLEAR in step 1.
SBY  6:54:35 [formal/controller/controller_cover] engine_0: ##   0:00:00  Writing trace to VCD file: engine_0/trace3.vcd
SBY  6:54:35 [formal/controller/controller_cover] engine_0: ##   0:00:00  Writing trace to Verilog testbench: engine_0/trace3_tb.v
SBY  6:54:35 [formal/controller/controller_cover] engine_0: ##   0:00:00  Writing trace to constraints file: engine_0/trace3.smtc
SBY  6:54:35 [formal/controller/controller_cover] engine_0: ##   0:00:00  Writing trace to Yosys witness file: engine_0/trace3.yw
SBY  6:54:35 [formal/controller/controller_cover] engine_0: ##   0:00:00  Checking cover reachability in step 1..
SBY  6:54:35 [formal/controller/controller_cover] engine_0: ##   0:00:00  Reached cover statement at C_CTRL_START_BUSY_DRAIN in step 1.
SBY  6:54:35 [formal/controller/controller_cover] engine_0: ##   0:00:00  Reached cover statement at C_CTRL_DRAIN in step 1.
SBY  6:54:35 [formal/controller/controller_cover] engine_0: ##   0:00:00  Writing trace to VCD file: engine_0/trace4.vcd
SBY  6:54:35 [formal/controller/controller_cover] engine_0: ##   0:00:00  Writing trace to Verilog testbench: engine_0/trace4_tb.v
SBY  6:54:35 [formal/controller/controller_cover] engine_0: ##   0:00:00  Writing trace to constraints file: engine_0/trace4.smtc
SBY  6:54:35 [formal/controller/controller_cover] engine_0: ##   0:00:00  Writing trace to Yosys witness file: engine_0/trace4.yw
SBY  6:54:35 [formal/controller/controller_cover] engine_0: ##   0:00:00  Checking cover reachability in step 1..
SBY  6:54:35 [formal/controller/controller_cover] engine_0: ##   0:00:00  Checking cover reachability in step 2..
SBY  6:54:35 [formal/controller/controller_cover] engine_0: ##   0:00:00  Reached cover statement at C_CTRL_START_ACCEPT in step 2.
SBY  6:54:35 [formal/controller/controller_cover] engine_0: ##   0:00:00  Writing trace to VCD file: engine_0/trace5.vcd
SBY  6:54:35 [formal/controller/controller_cover] engine_0: ##   0:00:00  Writing trace to Verilog testbench: engine_0/trace5_tb.v
SBY  6:54:35 [formal/controller/controller_cover] engine_0: ##   0:00:00  Writing trace to constraints file: engine_0/trace5.smtc
SBY  6:54:35 [formal/controller/controller_cover] engine_0: ##   0:00:00  Writing trace to Yosys witness file: engine_0/trace5.yw
SBY  6:54:35 [formal/controller/controller_cover] engine_0: ##   0:00:00  Status: passed
SBY  6:54:35 [formal/controller/controller_cover] engine_0: finished (returncode=0)
SBY  6:54:35 [formal/controller/controller_cover] engine_0: Status returned by engine: pass
SBY  6:54:35 [formal/controller/controller_cover] summary: Elapsed clock time [H:MM:SS (secs)]: 0:00:00 (0)
SBY  6:54:35 [formal/controller/controller_cover] summary: Elapsed process time [H:MM:SS (secs)]: 0:00:00 (0)
SBY  6:54:35 [formal/controller/controller_cover] summary: engine_0 (smtbmc z3) returned pass
SBY  6:54:35 [formal/controller/controller_cover] summary: trace: formal/controller/controller_cover/engine_0/trace0.vcd
SBY  6:54:35 [formal/controller/controller_cover] summary: trace: formal/controller/controller_cover/engine_0/trace1.vcd
SBY  6:54:35 [formal/controller/controller_cover] summary: trace: formal/controller/controller_cover/engine_0/trace2.vcd
SBY  6:54:35 [formal/controller/controller_cover] summary: trace: formal/controller/controller_cover/engine_0/trace3.vcd
SBY  6:54:35 [formal/controller/controller_cover] summary: trace: formal/controller/controller_cover/engine_0/trace4.vcd
SBY  6:54:35 [formal/controller/controller_cover] summary: and 1 further trace
SBY  6:54:35 [formal/controller/controller_cover] summary: see formal/controller/controller_cover/PASS for a complete summary
SBY  6:54:35 [formal/controller/controller_cover] DONE (PASS, rc=0)
</system-out>
<system-err>
</system-err>
</testsuite>
</testsuites>
